c:\users\atila\documents\graficos\local\gpgpup2018\aplicacion\x64\debug\aplicacion.pch
c:\users\atila\documents\graficos\local\gpgpup2018\aplicacion\x64\debug\vc141.pdb
c:\users\atila\documents\graficos\local\gpgpup2018\aplicacion\x64\debug\vc141.idb
c:\users\atila\documents\graficos\local\gpgpup2018\aplicacion\x64\debug\stdafx.obj
c:\users\atila\documents\graficos\local\gpgpup2018\aplicacion\x64\debug\aplicacion.obj
c:\users\atila\documents\graficos\local\gpgpup2018\aplicacion\x64\debug\cdxmanager.obj
c:\users\atila\documents\graficos\local\gpgpup2018\x64\debug\aplicacion.exe
c:\users\atila\documents\graficos\local\gpgpup2018\x64\debug\aplicacion.ilk
c:\users\atila\documents\graficos\local\gpgpup2018\x64\debug\aplicacion.pdb
c:\users\atila\documents\graficos\local\gpgpup2018\aplicacion\x64\debug\aplicacion.res
c:\users\atila\documents\graficos\local\gpgpup2018\aplicacion\x64\debug\aplicacion.tlog\aplicacion.write.1u.tlog
c:\users\atila\documents\graficos\local\gpgpup2018\aplicacion\x64\debug\aplicacion.tlog\cl.command.1.tlog
c:\users\atila\documents\graficos\local\gpgpup2018\aplicacion\x64\debug\aplicacion.tlog\cl.read.1.tlog
c:\users\atila\documents\graficos\local\gpgpup2018\aplicacion\x64\debug\aplicacion.tlog\cl.write.1.tlog
c:\users\atila\documents\graficos\local\gpgpup2018\aplicacion\x64\debug\aplicacion.tlog\fxc.command.1.tlog
c:\users\atila\documents\graficos\local\gpgpup2018\aplicacion\x64\debug\aplicacion.tlog\link.command.1.tlog
c:\users\atila\documents\graficos\local\gpgpup2018\aplicacion\x64\debug\aplicacion.tlog\link.read.1.tlog
c:\users\atila\documents\graficos\local\gpgpup2018\aplicacion\x64\debug\aplicacion.tlog\link.write.1.tlog
c:\users\atila\documents\graficos\local\gpgpup2018\aplicacion\x64\debug\aplicacion.tlog\rc.command.1.tlog
c:\users\atila\documents\graficos\local\gpgpup2018\aplicacion\x64\debug\aplicacion.tlog\rc.read.1.tlog
c:\users\atila\documents\graficos\local\gpgpup2018\aplicacion\x64\debug\aplicacion.tlog\rc.write.1.tlog
